2022-05-04 09:34:38,194 INFO: E-City startup [in C:\Users\amung\OneDrive\Desktop\Smart City\app\__init__.py:61]
2022-05-04 09:35:00,910 INFO: E-City startup [in C:\Users\amung\OneDrive\Desktop\Smart City\app\__init__.py:61]
2022-05-04 09:35:20,647 INFO: E-City startup [in C:\Users\amung\OneDrive\Desktop\Smart City\app\__init__.py:61]
2022-05-04 09:35:42,189 INFO: E-City startup [in C:\Users\amung\OneDrive\Desktop\Smart City\app\__init__.py:61]
2022-05-04 09:35:45,656 ERROR: Exception on /login [GET] [in C:\Users\amung\OneDrive\Desktop\Smart City\venv\lib\site-packages\flask\app.py:1455]
Traceback (most recent call last):
  File "C:\Users\amung\OneDrive\Desktop\Smart City\venv\lib\site-packages\flask\app.py", line 2077, in wsgi_app
    response = self.full_dispatch_request()
  File "C:\Users\amung\OneDrive\Desktop\Smart City\venv\lib\site-packages\flask\app.py", line 1525, in full_dispatch_request
    rv = self.handle_user_exception(e)
  File "C:\Users\amung\OneDrive\Desktop\Smart City\venv\lib\site-packages\flask\app.py", line 1523, in full_dispatch_request
    rv = self.dispatch_request()
  File "C:\Users\amung\OneDrive\Desktop\Smart City\venv\lib\site-packages\flask\app.py", line 1509, in dispatch_request
    return self.ensure_sync(self.view_functions[rule.endpoint])(**req.view_args)
  File "C:\Users\amung\OneDrive\Desktop\Smart City\app\routes.py", line 33, in login
    return render_template('login.html', form=form)
  File "C:\Users\amung\OneDrive\Desktop\Smart City\venv\lib\site-packages\flask\templating.py", line 149, in render_template
    ctx.app.jinja_env.get_or_select_template(template_name_or_list),
  File "C:\Users\amung\OneDrive\Desktop\Smart City\venv\lib\site-packages\jinja2\environment.py", line 1081, in get_or_select_template
    return self.get_template(template_name_or_list, parent, globals)
  File "C:\Users\amung\OneDrive\Desktop\Smart City\venv\lib\site-packages\jinja2\environment.py", line 1010, in get_template
    return self._load_template(name, globals)
  File "C:\Users\amung\OneDrive\Desktop\Smart City\venv\lib\site-packages\jinja2\environment.py", line 969, in _load_template
    template = self.loader.load(self, name, self.make_globals(globals))
  File "C:\Users\amung\OneDrive\Desktop\Smart City\venv\lib\site-packages\jinja2\loaders.py", line 126, in load
    source, filename, uptodate = self.get_source(environment, name)
  File "C:\Users\amung\OneDrive\Desktop\Smart City\venv\lib\site-packages\flask\templating.py", line 59, in get_source
    return self._get_source_fast(environment, template)
  File "C:\Users\amung\OneDrive\Desktop\Smart City\venv\lib\site-packages\flask\templating.py", line 95, in _get_source_fast
    raise TemplateNotFound(template)
jinja2.exceptions.TemplateNotFound: login.html
2022-05-04 09:35:56,923 ERROR: Exception on /login [GET] [in C:\Users\amung\OneDrive\Desktop\Smart City\venv\lib\site-packages\flask\app.py:1455]
Traceback (most recent call last):
  File "C:\Users\amung\OneDrive\Desktop\Smart City\venv\lib\site-packages\flask\app.py", line 2077, in wsgi_app
    response = self.full_dispatch_request()
  File "C:\Users\amung\OneDrive\Desktop\Smart City\venv\lib\site-packages\flask\app.py", line 1525, in full_dispatch_request
    rv = self.handle_user_exception(e)
  File "C:\Users\amung\OneDrive\Desktop\Smart City\venv\lib\site-packages\flask\app.py", line 1523, in full_dispatch_request
    rv = self.dispatch_request()
  File "C:\Users\amung\OneDrive\Desktop\Smart City\venv\lib\site-packages\flask\app.py", line 1509, in dispatch_request
    return self.ensure_sync(self.view_functions[rule.endpoint])(**req.view_args)
  File "C:\Users\amung\OneDrive\Desktop\Smart City\app\routes.py", line 33, in login
    return render_template('login.html', form=form)
  File "C:\Users\amung\OneDrive\Desktop\Smart City\venv\lib\site-packages\flask\templating.py", line 149, in render_template
    ctx.app.jinja_env.get_or_select_template(template_name_or_list),
  File "C:\Users\amung\OneDrive\Desktop\Smart City\venv\lib\site-packages\jinja2\environment.py", line 1081, in get_or_select_template
    return self.get_template(template_name_or_list, parent, globals)
  File "C:\Users\amung\OneDrive\Desktop\Smart City\venv\lib\site-packages\jinja2\environment.py", line 1010, in get_template
    return self._load_template(name, globals)
  File "C:\Users\amung\OneDrive\Desktop\Smart City\venv\lib\site-packages\jinja2\environment.py", line 969, in _load_template
    template = self.loader.load(self, name, self.make_globals(globals))
  File "C:\Users\amung\OneDrive\Desktop\Smart City\venv\lib\site-packages\jinja2\loaders.py", line 126, in load
    source, filename, uptodate = self.get_source(environment, name)
  File "C:\Users\amung\OneDrive\Desktop\Smart City\venv\lib\site-packages\flask\templating.py", line 59, in get_source
    return self._get_source_fast(environment, template)
  File "C:\Users\amung\OneDrive\Desktop\Smart City\venv\lib\site-packages\flask\templating.py", line 95, in _get_source_fast
    raise TemplateNotFound(template)
jinja2.exceptions.TemplateNotFound: login.html
2022-05-04 09:35:58,322 ERROR: Exception on /login [GET] [in C:\Users\amung\OneDrive\Desktop\Smart City\venv\lib\site-packages\flask\app.py:1455]
Traceback (most recent call last):
  File "C:\Users\amung\OneDrive\Desktop\Smart City\venv\lib\site-packages\flask\app.py", line 2077, in wsgi_app
    response = self.full_dispatch_request()
  File "C:\Users\amung\OneDrive\Desktop\Smart City\venv\lib\site-packages\flask\app.py", line 1525, in full_dispatch_request
    rv = self.handle_user_exception(e)
  File "C:\Users\amung\OneDrive\Desktop\Smart City\venv\lib\site-packages\flask\app.py", line 1523, in full_dispatch_request
    rv = self.dispatch_request()
  File "C:\Users\amung\OneDrive\Desktop\Smart City\venv\lib\site-packages\flask\app.py", line 1509, in dispatch_request
    return self.ensure_sync(self.view_functions[rule.endpoint])(**req.view_args)
  File "C:\Users\amung\OneDrive\Desktop\Smart City\app\routes.py", line 33, in login
    return render_template('login.html', form=form)
  File "C:\Users\amung\OneDrive\Desktop\Smart City\venv\lib\site-packages\flask\templating.py", line 149, in render_template
    ctx.app.jinja_env.get_or_select_template(template_name_or_list),
  File "C:\Users\amung\OneDrive\Desktop\Smart City\venv\lib\site-packages\jinja2\environment.py", line 1081, in get_or_select_template
    return self.get_template(template_name_or_list, parent, globals)
  File "C:\Users\amung\OneDrive\Desktop\Smart City\venv\lib\site-packages\jinja2\environment.py", line 1010, in get_template
    return self._load_template(name, globals)
  File "C:\Users\amung\OneDrive\Desktop\Smart City\venv\lib\site-packages\jinja2\environment.py", line 969, in _load_template
    template = self.loader.load(self, name, self.make_globals(globals))
  File "C:\Users\amung\OneDrive\Desktop\Smart City\venv\lib\site-packages\jinja2\loaders.py", line 126, in load
    source, filename, uptodate = self.get_source(environment, name)
  File "C:\Users\amung\OneDrive\Desktop\Smart City\venv\lib\site-packages\flask\templating.py", line 59, in get_source
    return self._get_source_fast(environment, template)
  File "C:\Users\amung\OneDrive\Desktop\Smart City\venv\lib\site-packages\flask\templating.py", line 95, in _get_source_fast
    raise TemplateNotFound(template)
jinja2.exceptions.TemplateNotFound: login.html
2022-05-04 09:37:32,947 INFO: E-City startup [in C:\Users\amung\OneDrive\Desktop\Smart City\app\__init__.py:61]
2022-05-04 09:38:59,280 INFO: E-City startup [in C:\Users\amung\OneDrive\Desktop\Smart City\app\__init__.py:61]
2022-05-04 09:40:27,755 INFO: E-City startup [in C:\Users\amung\OneDrive\Desktop\Smart City\app\__init__.py:61]
2022-05-04 09:42:40,481 INFO: E-City startup [in C:\Users\amung\OneDrive\Desktop\Smart City\app\__init__.py:61]
2022-05-04 09:48:07,499 INFO: E-City startup [in C:\Users\amung\OneDrive\Desktop\Smart City\app\__init__.py:61]
2022-05-04 09:49:37,668 INFO: E-City startup [in C:\Users\amung\OneDrive\Desktop\Smart City\app\__init__.py:61]
2022-05-04 10:02:40,929 INFO: E-City startup [in C:\Users\amung\OneDrive\Desktop\Smart City\app\__init__.py:61]
2022-05-04 10:07:26,103 INFO: E-City startup [in C:\Users\amung\OneDrive\Desktop\Smart City\app\__init__.py:61]
2022-05-04 10:07:58,298 INFO: E-City startup [in C:\Users\amung\OneDrive\Desktop\Smart City\app\__init__.py:61]
2022-05-04 10:09:59,765 INFO: E-City startup [in C:\Users\amung\OneDrive\Desktop\Smart City\app\__init__.py:61]
2022-05-04 10:30:52,199 INFO: E-City startup [in C:\Users\amung\OneDrive\Desktop\Smart City\app\__init__.py:61]
2022-05-04 10:31:01,549 INFO: E-City startup [in C:\Users\amung\OneDrive\Desktop\Smart City\app\__init__.py:61]
2022-05-04 10:31:36,055 INFO: E-City startup [in C:\Users\amung\OneDrive\Desktop\Smart City\app\__init__.py:61]
2022-05-04 10:34:08,205 INFO: E-City startup [in C:\Users\amung\OneDrive\Desktop\Smart City\app\__init__.py:61]
2022-05-04 10:34:46,214 INFO: E-City startup [in C:\Users\amung\OneDrive\Desktop\Smart City\app\__init__.py:61]
2022-05-04 10:40:51,496 INFO: E-City startup [in C:\Users\amung\OneDrive\Desktop\Smart City\app\__init__.py:61]
